Starting ClockApplication using Java 12.0.1 on chaichaikuailemeiyitiandeMacBook-Pro.local with PID 48243 (/Users/fine/Downloads/clock/target/classes started by fine in /Users/fine/Downloads/clock)
No active profile set, falling back to default profiles: default
Devtools property defaults active! Set 'spring.devtools.add-properties' to 'false' to disable
For additional web related logging consider setting the 'logging.level.web' property to 'DEBUG'
Tomcat initialized with port(s): 8082 (http)
Initializing ProtocolHandler ["http-nio-8082"]
Starting service [Tomcat]
Starting Servlet engine: [Apache Tomcat/9.0.52]
Initializing Spring embedded WebApplicationContext
Root WebApplicationContext: initialization completed in 1591 ms
Will secure Ant [pattern='/login'] with []
Will secure Ant [pattern='/verifyCode'] with []
Will secure Ant [pattern='/css/**'] with []
Will secure Ant [pattern='/js/**'] with []
Will secure Ant [pattern='/index.html'] with []
Will secure Ant [pattern='/img/**'] with []
Will secure Ant [pattern='/fonts/**'] with []
Will secure Ant [pattern='/favicon.ico'] with []
Will secure any request with [org.springframework.security.web.context.request.async.WebAsyncManagerIntegrationFilter@7c91c3aa, org.springframework.security.web.context.SecurityContextPersistenceFilter@8dafdb4, org.springframework.security.web.header.HeaderWriterFilter@22fa628e, org.springframework.security.web.authentication.logout.LogoutFilter@2ca2cd7b, com.lc.clock.config.LoginFilter@1094b2da, org.springframework.security.web.session.ConcurrentSessionFilter@34b923a6, org.springframework.security.web.session.ConcurrentSessionFilter@4c7ee9c9, org.springframework.security.web.savedrequest.RequestCacheAwareFilter@2d402edb, org.springframework.security.web.servletapi.SecurityContextHolderAwareRequestFilter@38ecfed1, org.springframework.security.web.authentication.AnonymousAuthenticationFilter@15e6bb0, org.springframework.security.web.session.SessionManagementFilter@4c05a377, org.springframework.security.web.access.ExceptionTranslationFilter@5451fab6, org.springframework.security.web.access.intercept.FilterSecurityInterceptor@297dc09f]
Cannot find template location: classpath:/templates/ (please add some templates or check your Thymeleaf configuration)
LiveReload server is running on port 35729
Starting ProtocolHandler ["http-nio-8082"]
Tomcat started on port(s): 8082 (http) with context path ''
Started ClockApplication in 3.944 seconds (JVM running for 5.306)
Initializing Spring DispatcherServlet 'dispatcherServlet'
Initializing Servlet 'dispatcherServlet'
Completed initialization in 2 ms
HikariPool-1 - Starting...
HikariPool-1 - Start completed.
No mapping for GET /favicon.ico
No mapping for GET /favicon.ico
No mapping for GET /favicon.ico
No mapping for GET /favicon.ico
No mapping for GET /favicon.ico
No mapping for GET /favicon.ico
No mapping for GET /favicon.ico
No mapping for GET /favicon.ico
No mapping for GET /favicon.ico
No mapping for GET /favicon.ico
No mapping for GET /favicon.ico
HikariPool-1 - Shutdown initiated...
HikariPool-1 - Shutdown completed.
Starting ClockApplication using Java 12.0.1 on chaichaikuailemeiyitiandeMacBook-Pro.local with PID 52176 (/Users/fine/Downloads/clock/target/classes started by fine in /Users/fine/Downloads/clock)
No active profile set, falling back to default profiles: default
Devtools property defaults active! Set 'spring.devtools.add-properties' to 'false' to disable
For additional web related logging consider setting the 'logging.level.web' property to 'DEBUG'
Tomcat initialized with port(s): 8082 (http)
Initializing ProtocolHandler ["http-nio-8082"]
Starting service [Tomcat]
Starting Servlet engine: [Apache Tomcat/9.0.52]
Initializing Spring embedded WebApplicationContext
Root WebApplicationContext: initialization completed in 1774 ms
Will secure Ant [pattern='/login'] with []
Will secure Ant [pattern='/verifyCode'] with []
Will secure Ant [pattern='/css/**'] with []
Will secure Ant [pattern='/js/**'] with []
Will secure Ant [pattern='/index.html'] with []
Will secure Ant [pattern='/img/**'] with []
Will secure Ant [pattern='/fonts/**'] with []
Will secure Ant [pattern='/favicon.ico'] with []
Will secure any request with [org.springframework.security.web.context.request.async.WebAsyncManagerIntegrationFilter@6d49b5bd, org.springframework.security.web.context.SecurityContextPersistenceFilter@276945a5, org.springframework.security.web.header.HeaderWriterFilter@31d07842, org.springframework.security.web.authentication.logout.LogoutFilter@3b8110df, com.lc.clock.config.LoginFilter@25412696, org.springframework.security.web.session.ConcurrentSessionFilter@dd9b473, org.springframework.security.web.session.ConcurrentSessionFilter@7c4acec, org.springframework.security.web.savedrequest.RequestCacheAwareFilter@13890725, org.springframework.security.web.servletapi.SecurityContextHolderAwareRequestFilter@590c1658, org.springframework.security.web.authentication.AnonymousAuthenticationFilter@5e1aafef, org.springframework.security.web.session.SessionManagementFilter@2cff7e5c, org.springframework.security.web.access.ExceptionTranslationFilter@f877a6f, org.springframework.security.web.access.intercept.FilterSecurityInterceptor@2eed85ac]
Cannot find template location: classpath:/templates/ (please add some templates or check your Thymeleaf configuration)
LiveReload server is running on port 35729
Starting ProtocolHandler ["http-nio-8082"]
Tomcat started on port(s): 8082 (http) with context path ''
Started ClockApplication in 3.724 seconds (JVM running for 5.892)
Initializing Spring DispatcherServlet 'dispatcherServlet'
Initializing Servlet 'dispatcherServlet'
Completed initialization in 2 ms
HikariPool-1 - Starting...
HikariPool-1 - Start completed.
HikariPool-1 - Thread starvation or clock leap detected (housekeeper delta=4m28s125ms).
HikariPool-1 - Thread starvation or clock leap detected (housekeeper delta=59s346ms).
HikariPool-1 - Thread starvation or clock leap detected (housekeeper delta=1m37s738ms).
HikariPool-1 - Thread starvation or clock leap detected (housekeeper delta=51s660ms).
HikariPool-1 - Thread starvation or clock leap detected (housekeeper delta=2m28s329ms).
HikariPool-1 - Shutdown initiated...
HikariPool-1 - Shutdown completed.
Starting ClockApplication using Java 12.0.1 on chaichaikuailemeiyitiandeMacBook-Pro.local with PID 13164 (/Users/fine/Downloads/clock/target/classes started by fine in /Users/fine/Downloads/clock)
No active profile set, falling back to default profiles: default
Devtools property defaults active! Set 'spring.devtools.add-properties' to 'false' to disable
For additional web related logging consider setting the 'logging.level.web' property to 'DEBUG'
Tomcat initialized with port(s): 8082 (http)
Initializing ProtocolHandler ["http-nio-8082"]
Starting service [Tomcat]
Starting Servlet engine: [Apache Tomcat/9.0.52]
Initializing Spring embedded WebApplicationContext
Root WebApplicationContext: initialization completed in 1259 ms
Cannot deserialize session attribute [SPRING_SECURITY_CONTEXT] for session [F9316AF1BB40E9AE7A916A78CE6286AE]
Will secure Ant [pattern='/login'] with []
Will secure Ant [pattern='/verifyCode'] with []
Will secure Ant [pattern='/css/**'] with []
Will secure Ant [pattern='/js/**'] with []
Will secure Ant [pattern='/index.html'] with []
Will secure Ant [pattern='/img/**'] with []
Will secure Ant [pattern='/fonts/**'] with []
Will secure Ant [pattern='/favicon.ico'] with []
Will secure any request with [org.springframework.security.web.context.request.async.WebAsyncManagerIntegrationFilter@63105493, org.springframework.security.web.context.SecurityContextPersistenceFilter@7ca7ffe, org.springframework.security.web.header.HeaderWriterFilter@3bab6354, org.springframework.security.web.authentication.logout.LogoutFilter@3e5851c6, com.lc.clock.config.LoginFilter@b1e9b4d, org.springframework.security.web.session.ConcurrentSessionFilter@7f5220bd, org.springframework.security.web.session.ConcurrentSessionFilter@33ab8b9a, org.springframework.security.web.savedrequest.RequestCacheAwareFilter@65d215f1, org.springframework.security.web.servletapi.SecurityContextHolderAwareRequestFilter@6b2a27dc, org.springframework.security.web.authentication.AnonymousAuthenticationFilter@17c2d0a9, org.springframework.security.web.session.SessionManagementFilter@22683660, org.springframework.security.web.access.ExceptionTranslationFilter@28821029, org.springframework.security.web.access.intercept.FilterSecurityInterceptor@5d52fd80]
Cannot find template location: classpath:/templates/ (please add some templates or check your Thymeleaf configuration)
LiveReload server is running on port 35729
Starting ProtocolHandler ["http-nio-8082"]
Tomcat started on port(s): 8082 (http) with context path ''
Started ClockApplication in 2.956 seconds (JVM running for 3.847)
Initializing Spring DispatcherServlet 'dispatcherServlet'
Initializing Servlet 'dispatcherServlet'
Completed initialization in 2 ms
HikariPool-1 - Starting...
HikariPool-1 - Start completed.
HikariPool-1 - Shutdown initiated...
HikariPool-1 - Shutdown completed.
Starting ClockApplication using Java 12.0.1 on chaichaikuailemeiyitiandeMacBook-Pro.local with PID 14640 (/Users/fine/Downloads/clock/target/classes started by fine in /Users/fine/Downloads/clock)
No active profile set, falling back to default profiles: default
Devtools property defaults active! Set 'spring.devtools.add-properties' to 'false' to disable
For additional web related logging consider setting the 'logging.level.web' property to 'DEBUG'
Tomcat initialized with port(s): 8082 (http)
Initializing ProtocolHandler ["http-nio-8082"]
Starting service [Tomcat]
Starting Servlet engine: [Apache Tomcat/9.0.52]
Initializing Spring embedded WebApplicationContext
Root WebApplicationContext: initialization completed in 1514 ms
Cannot deserialize session attribute [SPRING_SECURITY_CONTEXT] for session [A34504FF28BC7AE4957EE04A534EC266]
Will secure Ant [pattern='/login'] with []
Will secure Ant [pattern='/verifyCode'] with []
Will secure Ant [pattern='/css/**'] with []
Will secure Ant [pattern='/js/**'] with []
Will secure Ant [pattern='/index.html'] with []
Will secure Ant [pattern='/img/**'] with []
Will secure Ant [pattern='/fonts/**'] with []
Will secure Ant [pattern='/favicon.ico'] with []
Will secure any request with [org.springframework.security.web.context.request.async.WebAsyncManagerIntegrationFilter@625c0e49, org.springframework.security.web.context.SecurityContextPersistenceFilter@1361b530, org.springframework.security.web.header.HeaderWriterFilter@74fd1f79, org.springframework.security.web.authentication.logout.LogoutFilter@5b3af78c, com.lc.clock.config.LoginFilter@6f35754, org.springframework.security.web.session.ConcurrentSessionFilter@1564f071, org.springframework.security.web.session.ConcurrentSessionFilter@3df7c97f, org.springframework.security.web.savedrequest.RequestCacheAwareFilter@359ff53d, org.springframework.security.web.servletapi.SecurityContextHolderAwareRequestFilter@2b927c17, org.springframework.security.web.authentication.AnonymousAuthenticationFilter@2a146f57, org.springframework.security.web.session.SessionManagementFilter@21bb5a2e, org.springframework.security.web.access.ExceptionTranslationFilter@ee499e5, org.springframework.security.web.access.intercept.FilterSecurityInterceptor@180433ad]
Cannot find template location: classpath:/templates/ (please add some templates or check your Thymeleaf configuration)
LiveReload server is running on port 35729
Starting ProtocolHandler ["http-nio-8082"]
Tomcat started on port(s): 8082 (http) with context path ''
Started ClockApplication in 3.095 seconds (JVM running for 3.998)
Initializing Spring DispatcherServlet 'dispatcherServlet'
Initializing Servlet 'dispatcherServlet'
Completed initialization in 3 ms
HikariPool-1 - Starting...
HikariPool-1 - Start completed.
HikariPool-1 - Shutdown initiated...
HikariPool-1 - Shutdown completed.
Starting ClockApplication using Java 12.0.1 on chaichaikuailemeiyitiandeMacBook-Pro.local with PID 15158 (/Users/fine/Downloads/clock/target/classes started by fine in /Users/fine/Downloads/clock)
No active profile set, falling back to default profiles: default
Devtools property defaults active! Set 'spring.devtools.add-properties' to 'false' to disable
For additional web related logging consider setting the 'logging.level.web' property to 'DEBUG'
Tomcat initialized with port(s): 8082 (http)
Initializing ProtocolHandler ["http-nio-8082"]
Starting service [Tomcat]
Starting Servlet engine: [Apache Tomcat/9.0.52]
Initializing Spring embedded WebApplicationContext
Root WebApplicationContext: initialization completed in 1185 ms
Cannot deserialize session attribute [SPRING_SECURITY_CONTEXT] for session [A34504FF28BC7AE4957EE04A534EC266]
Will secure Ant [pattern='/login'] with []
Will secure Ant [pattern='/verifyCode'] with []
Will secure Ant [pattern='/css/**'] with []
Will secure Ant [pattern='/js/**'] with []
Will secure Ant [pattern='/index.html'] with []
Will secure Ant [pattern='/img/**'] with []
Will secure Ant [pattern='/fonts/**'] with []
Will secure Ant [pattern='/favicon.ico'] with []
Will secure any request with [org.springframework.security.web.context.request.async.WebAsyncManagerIntegrationFilter@758b0b8e, org.springframework.security.web.context.SecurityContextPersistenceFilter@2ca2cd7b, org.springframework.security.web.header.HeaderWriterFilter@37072025, org.springframework.security.web.authentication.logout.LogoutFilter@6e43a01b, com.lc.clock.config.LoginFilter@f747663, org.springframework.security.web.session.ConcurrentSessionFilter@3e8cf60b, org.springframework.security.web.session.ConcurrentSessionFilter@3311f799, org.springframework.security.web.savedrequest.RequestCacheAwareFilter@72d20aca, org.springframework.security.web.servletapi.SecurityContextHolderAwareRequestFilter@72ba7715, org.springframework.security.web.authentication.AnonymousAuthenticationFilter@59fabc8, org.springframework.security.web.session.SessionManagementFilter@63d8ecf8, org.springframework.security.web.access.ExceptionTranslationFilter@c40ea28, org.springframework.security.web.access.intercept.FilterSecurityInterceptor@7345d29a]
Cannot find template location: classpath:/templates/ (please add some templates or check your Thymeleaf configuration)
LiveReload server is running on port 35729
Starting ProtocolHandler ["http-nio-8082"]
Tomcat started on port(s): 8082 (http) with context path ''
Started ClockApplication in 2.768 seconds (JVM running for 3.557)
Initializing Spring DispatcherServlet 'dispatcherServlet'
Initializing Servlet 'dispatcherServlet'
Completed initialization in 2 ms
HikariPool-1 - Starting...
HikariPool-1 - Start completed.
HikariPool-1 - Shutdown initiated...
HikariPool-1 - Shutdown completed.
Starting ClockApplication using Java 12.0.1 on chaichaikuailemeiyitiandeMacBook-Pro.local with PID 44300 (/Users/fine/Downloads/clock/target/classes started by fine in /Users/fine/Downloads/clock)
No active profile set, falling back to default profiles: default
Devtools property defaults active! Set 'spring.devtools.add-properties' to 'false' to disable
For additional web related logging consider setting the 'logging.level.web' property to 'DEBUG'
Tomcat initialized with port(s): 8082 (http)
Initializing ProtocolHandler ["http-nio-8082"]
Starting service [Tomcat]
Starting Servlet engine: [Apache Tomcat/9.0.52]
Initializing Spring embedded WebApplicationContext
Root WebApplicationContext: initialization completed in 1389 ms
Cannot deserialize session attribute [SPRING_SECURITY_CONTEXT] for session [E9D18B74739BBDF2E21C6B9925F86288]
Will secure Ant [pattern='/login'] with []
Will secure Ant [pattern='/verifyCode'] with []
Will secure Ant [pattern='/css/**'] with []
Will secure Ant [pattern='/js/**'] with []
Will secure Ant [pattern='/index.html'] with []
Will secure Ant [pattern='/img/**'] with []
Will secure Ant [pattern='/fonts/**'] with []
Will secure Ant [pattern='/favicon.ico'] with []
Will secure any request with [org.springframework.security.web.context.request.async.WebAsyncManagerIntegrationFilter@5d52fd80, org.springframework.security.web.context.SecurityContextPersistenceFilter@3d1f1532, org.springframework.security.web.header.HeaderWriterFilter@758c0093, org.springframework.security.web.authentication.logout.LogoutFilter@18a46116, com.lc.clock.config.LoginFilter@1344e1fc, org.springframework.security.web.session.ConcurrentSessionFilter@2e921e62, org.springframework.security.web.session.ConcurrentSessionFilter@736de67a, org.springframework.security.web.savedrequest.RequestCacheAwareFilter@1ad36e4b, org.springframework.security.web.servletapi.SecurityContextHolderAwareRequestFilter@2665dd2d, org.springframework.security.web.authentication.AnonymousAuthenticationFilter@17bb61cc, org.springframework.security.web.session.SessionManagementFilter@5848ba9, org.springframework.security.web.access.ExceptionTranslationFilter@259eac16, org.springframework.security.web.access.intercept.FilterSecurityInterceptor@605c751b]
Cannot find template location: classpath:/templates/ (please add some templates or check your Thymeleaf configuration)
LiveReload server is running on port 35729
Starting ProtocolHandler ["http-nio-8082"]
Tomcat started on port(s): 8082 (http) with context path ''
Started ClockApplication in 2.956 seconds (JVM running for 4.027)
Initializing Spring DispatcherServlet 'dispatcherServlet'
Initializing Servlet 'dispatcherServlet'
Completed initialization in 3 ms
HikariPool-1 - Starting...
HikariPool-1 - Start completed.
HikariPool-1 - Shutdown initiated...
HikariPool-1 - Shutdown completed.
Starting ClockApplication using Java 12.0.1 on chaichaikuailemeiyitiandeMacBook-Pro.local with PID 49893 (/Users/fine/Downloads/clock/target/classes started by fine in /Users/fine/Downloads/clock)
No active profile set, falling back to default profiles: default
Devtools property defaults active! Set 'spring.devtools.add-properties' to 'false' to disable
For additional web related logging consider setting the 'logging.level.web' property to 'DEBUG'
Tomcat initialized with port(s): 8082 (http)
Initializing ProtocolHandler ["http-nio-8082"]
Starting service [Tomcat]
Starting Servlet engine: [Apache Tomcat/9.0.52]
Initializing Spring embedded WebApplicationContext
Root WebApplicationContext: initialization completed in 1758 ms
Cannot deserialize session attribute [SPRING_SECURITY_CONTEXT] for session [E9D18B74739BBDF2E21C6B9925F86288]
Will secure Ant [pattern='/login'] with []
Will secure Ant [pattern='/verifyCode'] with []
Will secure Ant [pattern='/css/**'] with []
Will secure Ant [pattern='/js/**'] with []
Will secure Ant [pattern='/index.html'] with []
Will secure Ant [pattern='/img/**'] with []
Will secure Ant [pattern='/fonts/**'] with []
Will secure Ant [pattern='/favicon.ico'] with []
Will secure any request with [org.springframework.security.web.context.request.async.WebAsyncManagerIntegrationFilter@7d331337, org.springframework.security.web.context.SecurityContextPersistenceFilter@6011d77d, org.springframework.security.web.header.HeaderWriterFilter@d907111, org.springframework.security.web.authentication.logout.LogoutFilter@c8a189a, com.lc.clock.config.LoginFilter@37faa44d, org.springframework.security.web.session.ConcurrentSessionFilter@55c5a79a, org.springframework.security.web.session.ConcurrentSessionFilter@48bedb1d, org.springframework.security.web.savedrequest.RequestCacheAwareFilter@492bcb3b, org.springframework.security.web.servletapi.SecurityContextHolderAwareRequestFilter@40d813ee, org.springframework.security.web.authentication.AnonymousAuthenticationFilter@788ad81, org.springframework.security.web.session.SessionManagementFilter@7822592e, org.springframework.security.web.access.ExceptionTranslationFilter@3e5851c6, org.springframework.security.web.access.intercept.FilterSecurityInterceptor@747ecadc]
Cannot find template location: classpath:/templates/ (please add some templates or check your Thymeleaf configuration)
LiveReload server is running on port 35729
Starting ProtocolHandler ["http-nio-8082"]
Tomcat started on port(s): 8082 (http) with context path ''
Started ClockApplication in 3.666 seconds (JVM running for 4.356)
Initializing Spring DispatcherServlet 'dispatcherServlet'
Initializing Servlet 'dispatcherServlet'
Completed initialization in 11 ms
HikariPool-1 - Starting...
HikariPool-1 - Start completed.
HikariPool-1 - Shutdown initiated...
HikariPool-1 - Shutdown completed.
Starting ClockApplication using Java 12.0.1 on chaichaikuailemeiyitiandeMacBook-Pro.local with PID 50522 (/Users/fine/Downloads/clock/target/classes started by fine in /Users/fine/Downloads/clock)
No active profile set, falling back to default profiles: default
Devtools property defaults active! Set 'spring.devtools.add-properties' to 'false' to disable
For additional web related logging consider setting the 'logging.level.web' property to 'DEBUG'
Tomcat initialized with port(s): 8082 (http)
Initializing ProtocolHandler ["http-nio-8082"]
Starting service [Tomcat]
Starting Servlet engine: [Apache Tomcat/9.0.52]
Initializing Spring embedded WebApplicationContext
Root WebApplicationContext: initialization completed in 1692 ms
Will secure Ant [pattern='/login'] with []
Will secure Ant [pattern='/regis'] with []
Will secure Ant [pattern='/verifyCode'] with []
Will secure Ant [pattern='/css/**'] with []
Will secure Ant [pattern='/js/**'] with []
Will secure Ant [pattern='/index.html'] with []
Will secure Ant [pattern='/img/**'] with []
Will secure Ant [pattern='/fonts/**'] with []
Will secure Ant [pattern='/favicon.ico'] with []
Will secure any request with [org.springframework.security.web.context.request.async.WebAsyncManagerIntegrationFilter@36a72776, org.springframework.security.web.context.SecurityContextPersistenceFilter@20dd2ec4, org.springframework.security.web.header.HeaderWriterFilter@20aceaa7, org.springframework.security.web.authentication.logout.LogoutFilter@16576deb, com.lc.clock.config.LoginFilter@6f982dc6, org.springframework.security.web.session.ConcurrentSessionFilter@7e5b00e0, org.springframework.security.web.session.ConcurrentSessionFilter@4df9a7e7, org.springframework.security.web.savedrequest.RequestCacheAwareFilter@1568cdee, org.springframework.security.web.servletapi.SecurityContextHolderAwareRequestFilter@4c05a377, org.springframework.security.web.authentication.AnonymousAuthenticationFilter@324e981d, org.springframework.security.web.session.SessionManagementFilter@4999c37b, org.springframework.security.web.access.ExceptionTranslationFilter@38cd8ea1, org.springframework.security.web.access.intercept.FilterSecurityInterceptor@29df9d30]
Cannot find template location: classpath:/templates/ (please add some templates or check your Thymeleaf configuration)
LiveReload server is running on port 35729
Starting ProtocolHandler ["http-nio-8082"]
Tomcat started on port(s): 8082 (http) with context path ''
Started ClockApplication in 3.711 seconds (JVM running for 4.565)
Initializing Spring DispatcherServlet 'dispatcherServlet'
Initializing Servlet 'dispatcherServlet'
Completed initialization in 21 ms
Resolved [org.springframework.web.HttpMediaTypeNotSupportedException: Content type 'application/x-www-form-urlencoded;charset=UTF-8' not supported]
HikariPool-1 - Starting...
HikariPool-1 - Start completed.
Resolved [org.springframework.web.HttpMediaTypeNotSupportedException: Content type 'application/x-www-form-urlencoded;charset=UTF-8' not supported]
Resolved [org.springframework.web.HttpMediaTypeNotSupportedException: Content type 'application/x-www-form-urlencoded;charset=UTF-8' not supported]
HikariPool-1 - Shutdown initiated...
HikariPool-1 - Shutdown completed.
Starting ClockApplication using Java 12.0.1 on chaichaikuailemeiyitiandeMacBook-Pro.local with PID 64906 (/Users/fine/Downloads/clock/target/classes started by fine in /Users/fine/Downloads/clock)
No active profile set, falling back to default profiles: default
Devtools property defaults active! Set 'spring.devtools.add-properties' to 'false' to disable
For additional web related logging consider setting the 'logging.level.web' property to 'DEBUG'
Tomcat initialized with port(s): 8082 (http)
Initializing ProtocolHandler ["http-nio-8082"]
Starting service [Tomcat]
Starting Servlet engine: [Apache Tomcat/9.0.52]
Initializing Spring embedded WebApplicationContext
Root WebApplicationContext: initialization completed in 1494 ms
Will secure Ant [pattern='/login'] with []
Will secure Ant [pattern='/regis'] with []
Will secure Ant [pattern='/verifyCode'] with []
Will secure Ant [pattern='/css/**'] with []
Will secure Ant [pattern='/js/**'] with []
Will secure Ant [pattern='/index.html'] with []
Will secure Ant [pattern='/img/**'] with []
Will secure Ant [pattern='/fonts/**'] with []
Will secure Ant [pattern='/favicon.ico'] with []
Will secure any request with [org.springframework.security.web.context.request.async.WebAsyncManagerIntegrationFilter@7ce25687, org.springframework.security.web.context.SecurityContextPersistenceFilter@7ff974ef, org.springframework.security.web.header.HeaderWriterFilter@3669dfc1, org.springframework.security.web.authentication.logout.LogoutFilter@47bf7250, com.lc.clock.config.LoginFilter@332ace8d, org.springframework.security.web.session.ConcurrentSessionFilter@54077893, org.springframework.security.web.session.ConcurrentSessionFilter@7f791b8c, org.springframework.security.web.savedrequest.RequestCacheAwareFilter@6abfeea9, org.springframework.security.web.servletapi.SecurityContextHolderAwareRequestFilter@28b86b1d, org.springframework.security.web.authentication.AnonymousAuthenticationFilter@5f6bf5ed, org.springframework.security.web.session.SessionManagementFilter@3b1239b3, org.springframework.security.web.access.ExceptionTranslationFilter@55082787, org.springframework.security.web.access.intercept.FilterSecurityInterceptor@67db149]
Cannot find template location: classpath:/templates/ (please add some templates or check your Thymeleaf configuration)
LiveReload server is running on port 35729
Starting ProtocolHandler ["http-nio-8082"]
Tomcat started on port(s): 8082 (http) with context path ''
Started ClockApplication in 3.602 seconds (JVM running for 4.389)
Initializing Spring DispatcherServlet 'dispatcherServlet'
Initializing Servlet 'dispatcherServlet'
Completed initialization in 15 ms
Resolved [org.springframework.http.converter.HttpMessageNotReadableException: JSON parse error: Cannot deserialize value of type `java.util.Date` from String "2021-09-01 18:59:40": not a valid representation (error: Failed to parse Date value '2021-09-01 18:59:40': Cannot parse date "2021-09-01 18:59:40": while it seems to fit format 'yyyy-MM-dd'T'HH:mm:ss.SSSX', parsing fails (leniency? null)); nested exception is com.fasterxml.jackson.databind.exc.InvalidFormatException: Cannot deserialize value of type `java.util.Date` from String "2021-09-01 18:59:40": not a valid representation (error: Failed to parse Date value '2021-09-01 18:59:40': Cannot parse date "2021-09-01 18:59:40": while it seems to fit format 'yyyy-MM-dd'T'HH:mm:ss.SSSX', parsing fails (leniency? null))
 at [Source: (PushbackInputStream); line: 7, column: 17] (through reference chain: com.lc.clock.pojo.User["createTime"])]
HikariPool-1 - Starting...
HikariPool-1 - Start completed.
Resolved [org.springframework.http.converter.HttpMessageNotReadableException: JSON parse error: Cannot deserialize value of type `java.util.Date` from String "2021-09-01 18:59:40": not a valid representation (error: Failed to parse Date value '2021-09-01 18:59:40': Cannot parse date "2021-09-01 18:59:40": while it seems to fit format 'yyyy-MM-dd'T'HH:mm:ss.SSSX', parsing fails (leniency? null)); nested exception is com.fasterxml.jackson.databind.exc.InvalidFormatException: Cannot deserialize value of type `java.util.Date` from String "2021-09-01 18:59:40": not a valid representation (error: Failed to parse Date value '2021-09-01 18:59:40': Cannot parse date "2021-09-01 18:59:40": while it seems to fit format 'yyyy-MM-dd'T'HH:mm:ss.SSSX', parsing fails (leniency? null))
 at [Source: (PushbackInputStream); line: 7, column: 17] (through reference chain: com.lc.clock.pojo.User["createTime"])]
Resolved [org.springframework.web.HttpMediaTypeNotSupportedException: Content type 'application/x-www-form-urlencoded;charset=UTF-8' not supported]
Resolved [org.springframework.web.HttpMediaTypeNotSupportedException: Content type 'application/x-www-form-urlencoded;charset=UTF-8' not supported]
HikariPool-1 - Shutdown initiated...
HikariPool-1 - Shutdown completed.
Starting ClockApplication using Java 12.0.1 on chaichaikuailemeiyitiandeMacBook-Pro.local with PID 78499 (/Users/fine/Downloads/clock/target/classes started by fine in /Users/fine/Downloads/clock)
No active profile set, falling back to default profiles: default
Devtools property defaults active! Set 'spring.devtools.add-properties' to 'false' to disable
For additional web related logging consider setting the 'logging.level.web' property to 'DEBUG'
Tomcat initialized with port(s): 8082 (http)
Initializing ProtocolHandler ["http-nio-8082"]
Starting service [Tomcat]
Starting Servlet engine: [Apache Tomcat/9.0.52]
Initializing Spring embedded WebApplicationContext
Root WebApplicationContext: initialization completed in 2411 ms
Will secure Ant [pattern='/login'] with []
Will secure Ant [pattern='/regis'] with []
Will secure Ant [pattern='/verifyCode'] with []
Will secure Ant [pattern='/css/**'] with []
Will secure Ant [pattern='/js/**'] with []
Will secure Ant [pattern='/index.html'] with []
Will secure Ant [pattern='/img/**'] with []
Will secure Ant [pattern='/fonts/**'] with []
Will secure Ant [pattern='/favicon.ico'] with []
Will secure any request with [org.springframework.security.web.context.request.async.WebAsyncManagerIntegrationFilter@668c825a, org.springframework.security.web.context.SecurityContextPersistenceFilter@4285ef1a, org.springframework.security.web.header.HeaderWriterFilter@77980c71, org.springframework.security.web.authentication.logout.LogoutFilter@d4a6c2a, com.lc.clock.config.LoginFilter@6adf7517, org.springframework.security.web.session.ConcurrentSessionFilter@39c1c1e8, org.springframework.security.web.session.ConcurrentSessionFilter@59f4491b, org.springframework.security.web.savedrequest.RequestCacheAwareFilter@6c28b496, org.springframework.security.web.servletapi.SecurityContextHolderAwareRequestFilter@16a8d711, org.springframework.security.web.authentication.AnonymousAuthenticationFilter@24b54e16, org.springframework.security.web.session.SessionManagementFilter@5857f170, org.springframework.security.web.access.ExceptionTranslationFilter@76e33884, org.springframework.security.web.access.intercept.FilterSecurityInterceptor@122c0c76]
Cannot find template location: classpath:/templates/ (please add some templates or check your Thymeleaf configuration)
LiveReload server is running on port 35729
Starting ProtocolHandler ["http-nio-8082"]
Tomcat started on port(s): 8082 (http) with context path ''
Started ClockApplication in 4.623 seconds (JVM running for 6.084)
Initializing Spring DispatcherServlet 'dispatcherServlet'
Initializing Servlet 'dispatcherServlet'
Completed initialization in 36 ms
HikariPool-1 - Starting...
HikariPool-1 - Start completed.
Encoded password does not look like BCrypt
Encoded password does not look like BCrypt
Encoded password does not look like BCrypt
Encoded password does not look like BCrypt
Resolved [org.springframework.web.bind.MissingServletRequestParameterException: Required request parameter 'grade' for method parameter type Integer is not present]
Resolved [org.springframework.web.bind.MissingServletRequestParameterException: Required request parameter 'grade' for method parameter type Integer is not present]
Resolved [org.springframework.web.bind.MissingServletRequestParameterException: Required request parameter 'grade' for method parameter type Integer is not present]
HikariPool-1 - Shutdown initiated...
HikariPool-1 - Shutdown completed.
Starting ClockApplication using Java 12.0.1 on chaichaikuailemeiyitiandeMacBook-Pro.local with PID 85072 (/Users/fine/Downloads/clock/target/classes started by fine in /Users/fine/Downloads/clock)
No active profile set, falling back to default profiles: default
Devtools property defaults active! Set 'spring.devtools.add-properties' to 'false' to disable
For additional web related logging consider setting the 'logging.level.web' property to 'DEBUG'
Tomcat initialized with port(s): 8082 (http)
Initializing ProtocolHandler ["http-nio-8082"]
Starting service [Tomcat]
Starting Servlet engine: [Apache Tomcat/9.0.52]
Initializing Spring embedded WebApplicationContext
Root WebApplicationContext: initialization completed in 1364 ms
Will secure Ant [pattern='/login'] with []
Will secure Ant [pattern='/regis'] with []
Will secure Ant [pattern='/verifyCode'] with []
Will secure Ant [pattern='/css/**'] with []
Will secure Ant [pattern='/js/**'] with []
Will secure Ant [pattern='/index.html'] with []
Will secure Ant [pattern='/img/**'] with []
Will secure Ant [pattern='/fonts/**'] with []
Will secure Ant [pattern='/favicon.ico'] with []
Will secure any request with [org.springframework.security.web.context.request.async.WebAsyncManagerIntegrationFilter@4085b8dd, org.springframework.security.web.context.SecurityContextPersistenceFilter@1151269b, org.springframework.security.web.header.HeaderWriterFilter@260aee90, org.springframework.security.web.authentication.logout.LogoutFilter@1f181063, com.lc.clock.config.LoginFilter@62833205, org.springframework.security.web.session.ConcurrentSessionFilter@53450e8, org.springframework.security.web.session.ConcurrentSessionFilter@71912e51, org.springframework.security.web.savedrequest.RequestCacheAwareFilter@63a63c55, org.springframework.security.web.servletapi.SecurityContextHolderAwareRequestFilter@27b16ff4, org.springframework.security.web.authentication.AnonymousAuthenticationFilter@48e20de8, org.springframework.security.web.session.SessionManagementFilter@64b66f39, org.springframework.security.web.access.ExceptionTranslationFilter@6b4c9cc, org.springframework.security.web.access.intercept.FilterSecurityInterceptor@28e5078e]
Cannot find template location: classpath:/templates/ (please add some templates or check your Thymeleaf configuration)
LiveReload server is running on port 35729
Starting ProtocolHandler ["http-nio-8082"]
Tomcat started on port(s): 8082 (http) with context path ''
Started ClockApplication in 2.933 seconds (JVM running for 3.987)
Initializing Spring DispatcherServlet 'dispatcherServlet'
Initializing Servlet 'dispatcherServlet'
Completed initialization in 4 ms
HikariPool-1 - Starting...
HikariPool-1 - Start completed.
HikariPool-1 - Shutdown initiated...
HikariPool-1 - Shutdown completed.
Starting ClockApplication using Java 12.0.1 on chaichaikuailemeiyitiandeMacBook-Pro.local with PID 85468 (/Users/fine/Downloads/clock/target/classes started by fine in /Users/fine/Downloads/clock)
No active profile set, falling back to default profiles: default
Devtools property defaults active! Set 'spring.devtools.add-properties' to 'false' to disable
For additional web related logging consider setting the 'logging.level.web' property to 'DEBUG'
Tomcat initialized with port(s): 8082 (http)
Initializing ProtocolHandler ["http-nio-8082"]
Starting service [Tomcat]
Starting Servlet engine: [Apache Tomcat/9.0.52]
Initializing Spring embedded WebApplicationContext
Root WebApplicationContext: initialization completed in 1302 ms
Will secure Ant [pattern='/login'] with []
Will secure Ant [pattern='/regis'] with []
Will secure Ant [pattern='/verifyCode'] with []
Will secure Ant [pattern='/css/**'] with []
Will secure Ant [pattern='/js/**'] with []
Will secure Ant [pattern='/index.html'] with []
Will secure Ant [pattern='/img/**'] with []
Will secure Ant [pattern='/fonts/**'] with []
Will secure Ant [pattern='/favicon.ico'] with []
Will secure any request with [org.springframework.security.web.context.request.async.WebAsyncManagerIntegrationFilter@53bea946, org.springframework.security.web.context.SecurityContextPersistenceFilter@3e5851c6, org.springframework.security.web.header.HeaderWriterFilter@10ccc14e, org.springframework.security.web.authentication.logout.LogoutFilter@3d739b3b, com.lc.clock.config.LoginFilter@4349eacd, org.springframework.security.web.session.ConcurrentSessionFilter@747ecadc, org.springframework.security.web.session.ConcurrentSessionFilter@4d720231, org.springframework.security.web.savedrequest.RequestCacheAwareFilter@d907111, org.springframework.security.web.servletapi.SecurityContextHolderAwareRequestFilter@14b3708c, org.springframework.security.web.authentication.AnonymousAuthenticationFilter@4f5857e, org.springframework.security.web.session.SessionManagementFilter@73ff5c8c, org.springframework.security.web.access.ExceptionTranslationFilter@396c1511, org.springframework.security.web.access.intercept.FilterSecurityInterceptor@4cb52643]
Cannot find template location: classpath:/templates/ (please add some templates or check your Thymeleaf configuration)
LiveReload server is running on port 35729
Starting ProtocolHandler ["http-nio-8082"]
Tomcat started on port(s): 8082 (http) with context path ''
Started ClockApplication in 2.757 seconds (JVM running for 3.717)
Initializing Spring DispatcherServlet 'dispatcherServlet'
Initializing Servlet 'dispatcherServlet'
Completed initialization in 10 ms
HikariPool-1 - Starting...
HikariPool-1 - Start completed.
HikariPool-1 - Shutdown initiated...
HikariPool-1 - Shutdown completed.
Starting ClockApplication using Java 12.0.1 on chaichaikuailemeiyitiandeMacBook-Pro.local with PID 86637 (/Users/fine/Downloads/clock/target/classes started by fine in /Users/fine/Downloads/clock)
No active profile set, falling back to default profiles: default
Devtools property defaults active! Set 'spring.devtools.add-properties' to 'false' to disable
For additional web related logging consider setting the 'logging.level.web' property to 'DEBUG'
Tomcat initialized with port(s): 8082 (http)
Initializing ProtocolHandler ["http-nio-8082"]
Starting service [Tomcat]
Starting Servlet engine: [Apache Tomcat/9.0.52]
Initializing Spring embedded WebApplicationContext
Root WebApplicationContext: initialization completed in 1175 ms
Will secure Ant [pattern='/login'] with []
Will secure Ant [pattern='/regis'] with []
Will secure Ant [pattern='/verifyCode'] with []
Will secure Ant [pattern='/css/**'] with []
Will secure Ant [pattern='/js/**'] with []
Will secure Ant [pattern='/index.html'] with []
Will secure Ant [pattern='/img/**'] with []
Will secure Ant [pattern='/fonts/**'] with []
Will secure Ant [pattern='/favicon.ico'] with []
Will secure any request with [org.springframework.security.web.context.request.async.WebAsyncManagerIntegrationFilter@258b038, org.springframework.security.web.context.SecurityContextPersistenceFilter@2cade111, org.springframework.security.web.header.HeaderWriterFilter@343e424c, org.springframework.security.web.authentication.logout.LogoutFilter@18f863c, com.lc.clock.config.LoginFilter@70c13514, org.springframework.security.web.session.ConcurrentSessionFilter@7a43e584, org.springframework.security.web.session.ConcurrentSessionFilter@22162a69, org.springframework.security.web.savedrequest.RequestCacheAwareFilter@5f18f648, org.springframework.security.web.servletapi.SecurityContextHolderAwareRequestFilter@79825e3f, org.springframework.security.web.authentication.AnonymousAuthenticationFilter@6724069d, org.springframework.security.web.session.SessionManagementFilter@72ba7715, org.springframework.security.web.access.ExceptionTranslationFilter@605e2a6e, org.springframework.security.web.access.intercept.FilterSecurityInterceptor@4085b8dd]
Cannot find template location: classpath:/templates/ (please add some templates or check your Thymeleaf configuration)
LiveReload server is running on port 35729
Starting ProtocolHandler ["http-nio-8082"]
Tomcat started on port(s): 8082 (http) with context path ''
Started ClockApplication in 2.736 seconds (JVM running for 3.826)
Initializing Spring DispatcherServlet 'dispatcherServlet'
Initializing Servlet 'dispatcherServlet'
Completed initialization in 1 ms
HikariPool-1 - Starting...
HikariPool-1 - Start completed.
HikariPool-1 - Shutdown initiated...
HikariPool-1 - Shutdown completed.
Starting ClockApplication using Java 12.0.1 on chaichaikuailemeiyitiandeMacBook-Pro.local with PID 790 (/Users/fine/Downloads/clock/target/classes started by fine in /Users/fine/Downloads/clock)
No active profile set, falling back to default profiles: default
Devtools property defaults active! Set 'spring.devtools.add-properties' to 'false' to disable
For additional web related logging consider setting the 'logging.level.web' property to 'DEBUG'
Tomcat initialized with port(s): 8082 (http)
Initializing ProtocolHandler ["http-nio-8082"]
Starting service [Tomcat]
Starting Servlet engine: [Apache Tomcat/9.0.52]
Initializing Spring embedded WebApplicationContext
Root WebApplicationContext: initialization completed in 1366 ms
Cannot deserialize session attribute [SPRING_SECURITY_CONTEXT] for session [FB0DB08088812648EF00BDEECCC5F2FF]
Stopping service [Tomcat]
Exception encountered during context initialization - cancelling refresh attempt: org.springframework.context.ApplicationContextException: Unable to start web server; nested exception is org.springframework.boot.web.server.WebServerException: Unable to start embedded Tomcat


Error starting ApplicationContext. To display the conditions report re-run your application with 'debug' enabled.
Starting ClockApplication using Java 12.0.1 on chaichaikuailemeiyitiandeMacBook-Pro.local with PID 1313 (/Users/fine/Downloads/clock/target/classes started by fine in /Users/fine/Downloads/clock)
No active profile set, falling back to default profiles: default
Devtools property defaults active! Set 'spring.devtools.add-properties' to 'false' to disable
For additional web related logging consider setting the 'logging.level.web' property to 'DEBUG'
Tomcat initialized with port(s): 8082 (http)
Initializing ProtocolHandler ["http-nio-8082"]
Starting service [Tomcat]
Starting Servlet engine: [Apache Tomcat/9.0.52]
Initializing Spring embedded WebApplicationContext
Root WebApplicationContext: initialization completed in 1478 ms
Stopping service [Tomcat]
Exception encountered during context initialization - cancelling refresh attempt: org.springframework.context.ApplicationContextException: Unable to start web server; nested exception is org.springframework.boot.web.server.WebServerException: Unable to start embedded Tomcat


Error starting ApplicationContext. To display the conditions report re-run your application with 'debug' enabled.
Starting ClockApplication using Java 12.0.1 on chaichaikuailemeiyitiandeMacBook-Pro.local with PID 1483 (/Users/fine/Downloads/clock/target/classes started by fine in /Users/fine/Downloads/clock)
No active profile set, falling back to default profiles: default
Devtools property defaults active! Set 'spring.devtools.add-properties' to 'false' to disable
For additional web related logging consider setting the 'logging.level.web' property to 'DEBUG'
Tomcat initialized with port(s): 8082 (http)
Initializing ProtocolHandler ["http-nio-8082"]
Starting service [Tomcat]
Starting Servlet engine: [Apache Tomcat/9.0.52]
Initializing Spring embedded WebApplicationContext
Root WebApplicationContext: initialization completed in 1471 ms
Will secure Ant [pattern='/login'] with []
Will secure Ant [pattern='/regis'] with []
Will secure Ant [pattern='/verifyCode'] with []
Will secure Ant [pattern='/css/**'] with []
Will secure Ant [pattern='/js/**'] with []
Will secure Ant [pattern='/index.html'] with []
Will secure Ant [pattern='/img/**'] with []
Will secure Ant [pattern='/fonts/**'] with []
Will secure Ant [pattern='/favicon.ico'] with []
Will secure any request with [org.springframework.security.web.context.request.async.WebAsyncManagerIntegrationFilter@29e9bb60, org.springframework.security.web.context.SecurityContextPersistenceFilter@28821029, org.springframework.security.web.header.HeaderWriterFilter@542f2090, org.springframework.security.web.authentication.logout.LogoutFilter@396c1511, com.lc.clock.config.LoginFilter@53be7e58, org.springframework.security.web.session.ConcurrentSessionFilter@5d52fd80, org.springframework.security.web.session.ConcurrentSessionFilter@2e921e62, org.springframework.security.web.savedrequest.RequestCacheAwareFilter@3bab6354, org.springframework.security.web.servletapi.SecurityContextHolderAwareRequestFilter@2a6b153f, org.springframework.security.web.authentication.AnonymousAuthenticationFilter@736de67a, org.springframework.security.web.session.SessionManagementFilter@55aa6316, org.springframework.security.web.access.ExceptionTranslationFilter@449c935f, org.springframework.security.web.access.intercept.FilterSecurityInterceptor@5b2b8330]
Cannot find template location: classpath:/templates/ (please add some templates or check your Thymeleaf configuration)
LiveReload server is running on port 35729
Starting ProtocolHandler ["http-nio-8082"]
Tomcat started on port(s): 8082 (http) with context path ''
Started ClockApplication in 3.098 seconds (JVM running for 3.976)
Initializing Spring DispatcherServlet 'dispatcherServlet'
Initializing Servlet 'dispatcherServlet'
Completed initialization in 3 ms
HikariPool-1 - Starting...
HikariPool-1 - Start completed.
Resolved [org.springframework.web.bind.MissingServletRequestParameterException: Required request parameter 'nickname' for method parameter type String is not present]
Resolved [org.springframework.web.bind.MissingServletRequestParameterException: Required request parameter 'nickname' for method parameter type String is not present]
Resolved [org.springframework.web.bind.MissingServletRequestParameterException: Required request parameter 'nickname' for method parameter type String is not present]
Resolved [org.springframework.web.bind.MissingServletRequestParameterException: Required request parameter 'nickname' for method parameter type String is not present]
HikariPool-1 - Shutdown initiated...
HikariPool-1 - Shutdown completed.
Starting ClockApplication using Java 12.0.1 on chaichaikuailemeiyitiandeMacBook-Pro.local with PID 9880 (/Users/fine/Downloads/clock/target/classes started by fine in /Users/fine/Downloads/clock)
No active profile set, falling back to default profiles: default
Devtools property defaults active! Set 'spring.devtools.add-properties' to 'false' to disable
For additional web related logging consider setting the 'logging.level.web' property to 'DEBUG'
Tomcat initialized with port(s): 8082 (http)
Initializing ProtocolHandler ["http-nio-8082"]
Starting service [Tomcat]
Starting Servlet engine: [Apache Tomcat/9.0.52]
Initializing Spring embedded WebApplicationContext
Root WebApplicationContext: initialization completed in 1633 ms
Cannot deserialize session attribute [SPRING_SECURITY_CONTEXT] for session [99AFB58254F38CD9DDF5014CD929D152]
Will secure Ant [pattern='/login'] with []
Will secure Ant [pattern='/regis'] with []
Will secure Ant [pattern='/verifyCode'] with []
Will secure Ant [pattern='/css/**'] with []
Will secure Ant [pattern='/js/**'] with []
Will secure Ant [pattern='/index.html'] with []
Will secure Ant [pattern='/img/**'] with []
Will secure Ant [pattern='/fonts/**'] with []
Will secure Ant [pattern='/favicon.ico'] with []
Will secure any request with [org.springframework.security.web.context.request.async.WebAsyncManagerIntegrationFilter@355f0a0e, org.springframework.security.web.context.SecurityContextPersistenceFilter@3b12dbdf, org.springframework.security.web.header.HeaderWriterFilter@8c40630, org.springframework.security.web.authentication.logout.LogoutFilter@4e120234, com.lc.clock.config.LoginFilter@2ff7e0aa, org.springframework.security.web.session.ConcurrentSessionFilter@11974f5a, org.springframework.security.web.session.ConcurrentSessionFilter@7a411840, org.springframework.security.web.savedrequest.RequestCacheAwareFilter@346fce68, org.springframework.security.web.servletapi.SecurityContextHolderAwareRequestFilter@6052315f, org.springframework.security.web.authentication.AnonymousAuthenticationFilter@461a9246, org.springframework.security.web.session.SessionManagementFilter@332e866, org.springframework.security.web.access.ExceptionTranslationFilter@7e89cdd9, org.springframework.security.web.access.intercept.FilterSecurityInterceptor@55d9b90a]
Cannot find template location: classpath:/templates/ (please add some templates or check your Thymeleaf configuration)
LiveReload server is running on port 35729
Starting ProtocolHandler ["http-nio-8082"]
Tomcat started on port(s): 8082 (http) with context path ''
Started ClockApplication in 3.446 seconds (JVM running for 4.401)
Initializing Spring DispatcherServlet 'dispatcherServlet'
Initializing Servlet 'dispatcherServlet'
Completed initialization in 25 ms
HikariPool-1 - Starting...
HikariPool-1 - Start completed.
Resolved [org.springframework.web.bind.MissingServletRequestParameterException: Required request parameter 'nickname' for method parameter type String is not present]
Resolved [org.springframework.web.bind.MissingServletRequestParameterException: Required request parameter 'nickname' for method parameter type String is not present]
HikariPool-1 - Shutdown initiated...
HikariPool-1 - Shutdown completed.
Starting ClockApplication using Java 12.0.1 on chaichaikuailemeiyitiandeMacBook-Pro.local with PID 14292 (/Users/fine/Downloads/clock/target/classes started by fine in /Users/fine/Downloads/clock)
No active profile set, falling back to default profiles: default
Devtools property defaults active! Set 'spring.devtools.add-properties' to 'false' to disable
For additional web related logging consider setting the 'logging.level.web' property to 'DEBUG'
Tomcat initialized with port(s): 8082 (http)
Initializing ProtocolHandler ["http-nio-8082"]
Starting service [Tomcat]
Starting Servlet engine: [Apache Tomcat/9.0.52]
Initializing Spring embedded WebApplicationContext
Root WebApplicationContext: initialization completed in 1313 ms
Cannot deserialize session attribute [SPRING_SECURITY_CONTEXT] for session [99AFB58254F38CD9DDF5014CD929D152]
Will secure Ant [pattern='/login'] with []
Will secure Ant [pattern='/regis'] with []
Will secure Ant [pattern='/verifyCode'] with []
Will secure Ant [pattern='/css/**'] with []
Will secure Ant [pattern='/js/**'] with []
Will secure Ant [pattern='/index.html'] with []
Will secure Ant [pattern='/img/**'] with []
Will secure Ant [pattern='/fonts/**'] with []
Will secure Ant [pattern='/favicon.ico'] with []
Will secure any request with [org.springframework.security.web.context.request.async.WebAsyncManagerIntegrationFilter@4ce0033f, org.springframework.security.web.context.SecurityContextPersistenceFilter@7c230530, org.springframework.security.web.header.HeaderWriterFilter@5b3af78c, org.springframework.security.web.authentication.logout.LogoutFilter@56952ba6, com.lc.clock.config.LoginFilter@3b33ad31, org.springframework.security.web.session.ConcurrentSessionFilter@1664bb7c, org.springframework.security.web.session.ConcurrentSessionFilter@6c82606a, org.springframework.security.web.savedrequest.RequestCacheAwareFilter@1ce082cb, org.springframework.security.web.servletapi.SecurityContextHolderAwareRequestFilter@49e6670, org.springframework.security.web.authentication.AnonymousAuthenticationFilter@235178f0, org.springframework.security.web.session.SessionManagementFilter@584a7749, org.springframework.security.web.access.ExceptionTranslationFilter@43eaea1b, org.springframework.security.web.access.intercept.FilterSecurityInterceptor@5b096fb5]
Cannot find template location: classpath:/templates/ (please add some templates or check your Thymeleaf configuration)
LiveReload server is running on port 35729
Starting ProtocolHandler ["http-nio-8082"]
Tomcat started on port(s): 8082 (http) with context path ''
Started ClockApplication in 3.164 seconds (JVM running for 4.187)
Initializing Spring DispatcherServlet 'dispatcherServlet'
Initializing Servlet 'dispatcherServlet'
Completed initialization in 32 ms
HikariPool-1 - Starting...
HikariPool-1 - Start completed.
HikariPool-1 - Shutdown initiated...
HikariPool-1 - Shutdown completed.
Starting ClockApplication using Java 12.0.1 on chaichaikuailemeiyitiandeMacBook-Pro.local with PID 16314 (/Users/fine/Downloads/clock/target/classes started by fine in /Users/fine/Downloads/clock)
No active profile set, falling back to default profiles: default
Devtools property defaults active! Set 'spring.devtools.add-properties' to 'false' to disable
For additional web related logging consider setting the 'logging.level.web' property to 'DEBUG'
Tomcat initialized with port(s): 8082 (http)
Initializing ProtocolHandler ["http-nio-8082"]
Starting service [Tomcat]
Starting Servlet engine: [Apache Tomcat/9.0.52]
Initializing Spring embedded WebApplicationContext
Root WebApplicationContext: initialization completed in 1624 ms
Cannot deserialize session attribute [SPRING_SECURITY_CONTEXT] for session [99AFB58254F38CD9DDF5014CD929D152]
Will secure Ant [pattern='/login'] with []
Will secure Ant [pattern='/regis'] with []
Will secure Ant [pattern='/verifyCode'] with []
Will secure Ant [pattern='/css/**'] with []
Will secure Ant [pattern='/js/**'] with []
Will secure Ant [pattern='/index.html'] with []
Will secure Ant [pattern='/img/**'] with []
Will secure Ant [pattern='/fonts/**'] with []
Will secure Ant [pattern='/favicon.ico'] with []
Will secure any request with [org.springframework.security.web.context.request.async.WebAsyncManagerIntegrationFilter@421d8689, org.springframework.security.web.context.SecurityContextPersistenceFilter@49cd74d3, org.springframework.security.web.header.HeaderWriterFilter@5c393afd, org.springframework.security.web.authentication.logout.LogoutFilter@1666d409, com.lc.clock.config.LoginFilter@262a97c1, org.springframework.security.web.session.ConcurrentSessionFilter@26f5c7e0, org.springframework.security.web.session.ConcurrentSessionFilter@575257d2, org.springframework.security.web.savedrequest.RequestCacheAwareFilter@56d52202, org.springframework.security.web.servletapi.SecurityContextHolderAwareRequestFilter@3bdbf76a, org.springframework.security.web.authentication.AnonymousAuthenticationFilter@3a16e2a6, org.springframework.security.web.session.SessionManagementFilter@45cc8e14, org.springframework.security.web.access.ExceptionTranslationFilter@450abd75, org.springframework.security.web.access.intercept.FilterSecurityInterceptor@7557c8c6]
Cannot find template location: classpath:/templates/ (please add some templates or check your Thymeleaf configuration)
LiveReload server is running on port 35729
Starting ProtocolHandler ["http-nio-8082"]
Tomcat started on port(s): 8082 (http) with context path ''
Started ClockApplication in 3.502 seconds (JVM running for 4.732)
Initializing Spring DispatcherServlet 'dispatcherServlet'
Initializing Servlet 'dispatcherServlet'
Completed initialization in 4 ms
HikariPool-1 - Starting...
HikariPool-1 - Start completed.
HikariPool-1 - Shutdown initiated...
HikariPool-1 - Shutdown completed.
